<?xml version="1.0" encoding="UTF-8"?>
<!-- Generated by org.testng.reporters.JUnitReportReporter -->
<testsuite hostname="DESKTOP-CBIHVAA" failures="0" tests="1" name="testscript.FooterTextTest" time="9.590" errors="0" timestamp="2024-08-18T22:41:45 IST" skipped="0">
  <testcase classname="testscript.FooterTextTest" name="verifyWhetherUserCanEditFooterText" time="9.590"/>
</testsuite> <!-- testscript.FooterTextTest -->
