<?xml version="1.0" encoding="UTF-8"?>
<!-- Generated by org.testng.reporters.JUnitReportReporter -->
<testsuite hostname="DESKTOP-CBIHVAA" failures="0" tests="4" name="testscript.LoginTest" time="30.843" errors="0" timestamp="2024-08-28T14:30:22 IST" skipped="0">
  <testcase classname="testscript.LoginTest" name="verifyTheUserIsNotAbleToLoginUsingInvalidCredentials" time="6.281"/>
  <testcase classname="testscript.LoginTest" name="verifyTheUserIsNotAbleToLoginUsingInvalidPassword" time="8.417"/>
  <testcase classname="testscript.LoginTest" name="verifyTheUserIsNotAbleToLoginUsingInvalidUsername" time="6.735"/>
  <testcase classname="testscript.LoginTest" name="verifyTheUserIsAbleToLoginUsingvalidCredentials" time="9.410"/>
</testsuite> <!-- testscript.LoginTest -->
