<?xml version="1.0" encoding="UTF-8"?>
<!-- Generated by org.testng.reporters.JUnitReportReporter -->
<testsuite hostname="DESKTOP-CBIHVAA" failures="0" tests="1" name="testscript.ManageProductTest" time="8.610" errors="0" timestamp="2024-08-18T22:50:00 IST" skipped="0">
  <testcase classname="testscript.ManageProductTest" name="checkIfAlertIsDisplayedIfProductIsDeleted" time="8.610"/>
</testsuite> <!-- testscript.ManageProductTest -->
