<?xml version="1.0" encoding="UTF-8"?>
<!-- Generated by org.testng.reporters.JUnitReportReporter -->
<testsuite hostname="DESKTOP-CBIHVAA" failures="0" tests="1" name="testscript.ManageContactTest" time="6.961" errors="0" timestamp="2024-09-16T17:54:18 IST" skipped="0">
  <testcase classname="testscript.ManageContactTest" name="verifyIfUserCanUpdateContactDetails" time="6.961"/>
</testsuite> <!-- testscript.ManageContactTest -->
