<?xml version="1.0" encoding="UTF-8"?>
<!-- Generated by org.testng.reporters.JUnitReportReporter -->
<testsuite hostname="DESKTOP-CBIHVAA" failures="0" tests="1" name="testscript.AdminUserTest" time="13.474" errors="0" timestamp="2024-08-18T22:40:12 IST" skipped="0">
  <testcase classname="testscript.AdminUserTest" name="checkifAdminCanAddANewUser" time="13.474"/>
</testsuite> <!-- testscript.AdminUserTest -->
