<?xml version="1.0" encoding="UTF-8"?>
<!-- Generated by org.testng.reporters.JUnitReportReporter -->
<testsuite hostname="DESKTOP-CBIHVAA" failures="0" tests="1" name="testscript.ManageNewsTest" time="6.804" errors="0" timestamp="2024-09-16T17:54:18 IST" skipped="0">
  <testcase classname="testscript.ManageNewsTest" name="verifyAlertIsDisplayedWhenNewNewsisEntered" time="6.804"/>
</testsuite> <!-- testscript.ManageNewsTest -->
