<?xml version="1.0" encoding="UTF-8"?>
<!-- Generated by org.testng.reporters.JUnitReportReporter -->
<testsuite hostname="DESKTOP-CBIHVAA" failures="0" tests="1" name="testscript.FooterTextTest" time="6.669" errors="0" timestamp="2024-09-16T17:54:18 IST" skipped="0">
  <testcase classname="testscript.FooterTextTest" name="verifyWhetherUserCanEditFooterText" time="6.669"/>
</testsuite> <!-- testscript.FooterTextTest -->
