<?xml version="1.0" encoding="UTF-8"?>
<!-- Generated by org.testng.reporters.JUnitReportReporter -->
<testsuite hostname="DESKTOP-CBIHVAA" failures="0" tests="1" name="testscript.ManageCategoryTest" time="11.410" errors="0" timestamp="2024-08-18T22:44:13 IST" skipped="0">
  <testcase classname="testscript.ManageCategoryTest" name="verifyWhetherUserCanAddANewCategory" time="11.410"/>
</testsuite> <!-- testscript.ManageCategoryTest -->
