<?xml version="1.0" encoding="UTF-8"?>
<!-- Generated by org.testng.reporters.JUnitReportReporter -->
<testsuite hostname="DESKTOP-CBIHVAA" failures="0" tests="2" name="testscript.ManageSubCategoryTest" time="12.361" errors="0" timestamp="2024-09-16T17:54:18 IST" skipped="0">
  <testcase classname="testscript.ManageSubCategoryTest" name="changeStatusofSubCategory" time="5.934"/>
  <testcase classname="testscript.ManageSubCategoryTest" name="verifyIfAUserCanAddANewSubCategory" time="6.427"/>
</testsuite> <!-- testscript.ManageSubCategoryTest -->
