<?xml version="1.0" encoding="UTF-8"?>
<!-- Generated by org.testng.reporters.JUnitReportReporter -->
<testsuite hostname="DESKTOP-CBIHVAA" failures="0" tests="1" name="testscript.ManageCategoryTest" time="8.331" errors="0" timestamp="2024-09-16T17:54:18 IST" skipped="0">
  <testcase classname="testscript.ManageCategoryTest" name="verifyIfUserCanAddNewCategory" time="8.331"/>
</testsuite> <!-- testscript.ManageCategoryTest -->
