<?xml version="1.0" encoding="UTF-8"?>
<!-- Generated by org.testng.reporters.JUnitReportReporter -->
<testsuite hostname="DESKTOP-CBIHVAA" failures="0" tests="1" name="testscript.DeleteProductTest" time="8.219" errors="0" timestamp="2024-08-17T19:36:44 IST" skipped="0">
  <testcase classname="testscript.DeleteProductTest" name="checkIfAlertIsDisplayedIfProductIsDeleted" time="8.219"/>
</testsuite> <!-- testscript.DeleteProductTest -->
