<?xml version="1.0" encoding="UTF-8"?>
<!-- Generated by org.testng.reporters.JUnitReportReporter -->
<testsuite hostname="DESKTOP-CBIHVAA" failures="0" tests="1" name="testscript.ManageContactTest" time="10.605" errors="0" timestamp="2024-08-18T22:44:46 IST" skipped="0">
  <testcase classname="testscript.ManageContactTest" name="verifyIfUserCanUpdateContactDetails" time="10.605"/>
</testsuite> <!-- testscript.ManageContactTest -->
