<?xml version="1.0" encoding="UTF-8"?>
<!-- Generated by org.testng.reporters.JUnitReportReporter -->
<testsuite hostname="DESKTOP-CBIHVAA" failures="0" tests="1" name="testscript.LogoutTest" time="7.167" errors="0" timestamp="2024-08-28T14:30:22 IST" skipped="0">
  <testcase classname="testscript.LogoutTest" name="verifyIfAdminIsAbleToLogOut" time="7.167"/>
</testsuite> <!-- testscript.LogoutTest -->
