<?xml version="1.0" encoding="UTF-8"?>
<!-- Generated by org.testng.reporters.JUnitReportReporter -->
<testsuite hostname="DESKTOP-CBIHVAA" failures="0" tests="1" name="testscript.ManageNewsTest" time="8.970" errors="0" timestamp="2024-08-18T22:45:13 IST" skipped="0">
  <testcase classname="testscript.ManageNewsTest" name="verifyAlertIsDisplayedWhenNewNewsisEntered" time="8.970"/>
</testsuite> <!-- testscript.ManageNewsTest -->
