<?xml version="1.0" encoding="UTF-8"?>
<!-- Generated by org.testng.reporters.JUnitReportReporter -->
<testsuite hostname="DESKTOP-CBIHVAA" failures="0" tests="1" name="testscript.ManageSubCategoryTest" time="9.992" errors="0" timestamp="2024-08-20T16:33:46 IST" skipped="0">
  <testcase classname="testscript.ManageSubCategoryTest" name="verifyIfAUserCanAddANewSubCategory" time="9.992"/>
</testsuite> <!-- testscript.ManageSubCategoryTest -->
