<?xml version="1.0" encoding="UTF-8"?>
<!-- Generated by org.testng.reporters.JUnitReportReporter -->
<testsuite hostname="DESKTOP-CBIHVAA" failures="0" tests="1" name="testscript.AdminUserTest" time="6.656" errors="0" timestamp="2024-09-16T17:54:18 IST" skipped="0">
  <testcase classname="testscript.AdminUserTest" name="checkifAdminCanAddANewUser" time="6.656"/>
</testsuite> <!-- testscript.AdminUserTest -->
