<?xml version="1.0" encoding="UTF-8"?>
<!-- Generated by org.testng.reporters.JUnitReportReporter -->
<testsuite hostname="DESKTOP-CBIHVAA" failures="0" tests="1" name="testscript.AddNewUserTest" time="10.146" errors="0" timestamp="2024-08-17T19:49:09 IST" skipped="0">
  <testcase classname="testscript.AddNewUserTest" name="checkifAdminCanAddANewUser" time="10.146"/>
</testsuite> <!-- testscript.AddNewUserTest -->
