<?xml version="1.0" encoding="UTF-8"?>
<!-- Generated by org.testng.reporters.JUnitReportReporter -->
<testsuite hostname="DESKTOP-CBIHVAA" failures="0" tests="4" name="testscript.LoginTest" time="21.980" errors="0" timestamp="2024-09-16T17:54:18 IST" skipped="0">
  <testcase classname="testscript.LoginTest" name="verifyUserNotAbleToLoginInvalidCredentials" time="4.721"/>
  <testcase classname="testscript.LoginTest" name="verifyUserNotAbleToLoginInvalidPassword" time="4.799"/>
  <testcase classname="testscript.LoginTest" name="verifyTheUserIsAbleToLogin" time="8.119"/>
  <testcase classname="testscript.LoginTest" name="verifyUserNotAbleToLoginInvalidUsername" time="4.341"/>
</testsuite> <!-- testscript.LoginTest -->
